ERROR [AWT-EventQueue-0] 2024-08-14T18:30:00,287 DisplayComponentControllerAction - Error while creating displays
repast.simphony.visualization.engine.DisplayCreationException: Error while creating display.
	at repast.simphony.visualization.engine.DisplayCreatorOGL2D.createDisplay(DisplayCreatorOGL2D.java:102) ~[?:?]
	at repast.simphony.visualization.engine.DisplayProducer.createDisplay(DisplayProducer.java:48) ~[?:?]
	at repast.simphony.visualization.engine.DisplayComponentControllerAction.runInitialize(DisplayComponentControllerAction.java:116) ~[?:?]
	at repast.simphony.engine.controller.DefaultController$2.visit(DefaultController.java:214) ~[?:?]
	at repast.simphony.engine.controller.DefaultController$2.visit(DefaultController.java:1) ~[?:?]
	at repast.simphony.util.collections.NaryTree.preOrderTraverals(NaryTree.java:292) ~[?:?]
	at repast.simphony.util.collections.NaryTree.preOrderTraverals(NaryTree.java:295) ~[?:?]
	at repast.simphony.util.collections.NaryTree.preOrderTraverals(NaryTree.java:295) ~[?:?]
	at repast.simphony.util.collections.NaryTree.preOrderTraversal(NaryTree.java:288) ~[?:?]
	at repast.simphony.engine.controller.DefaultController.runInitialize(DefaultController.java:212) ~[?:?]
	at repast.simphony.engine.controller.DefaultController.runInitialize(DefaultController.java:383) ~[?:?]
	at repast.simphony.ui.RSApplication.initSim(RSApplication.java:171) ~[?:?]
	at repast.simphony.ui.RSApplication.start(RSApplication.java:203) ~[?:?]
	at repast.simphony.ui.action.StartRun.actionPerformed(StartRun.java:17) ~[?:?]
	at javax.swing.AbstractButton.fireActionPerformed(AbstractButton.java:1972) ~[?:?]
	at javax.swing.AbstractButton$Handler.actionPerformed(AbstractButton.java:2313) ~[?:?]
	at javax.swing.DefaultButtonModel.fireActionPerformed(DefaultButtonModel.java:405) ~[?:?]
	at javax.swing.DefaultButtonModel.setPressed(DefaultButtonModel.java:262) ~[?:?]
	at javax.swing.plaf.basic.BasicButtonListener.mouseReleased(BasicButtonListener.java:279) ~[?:?]
	at java.awt.AWTEventMulticaster.mouseReleased(AWTEventMulticaster.java:297) ~[?:?]
	at java.awt.Component.processMouseEvent(Component.java:6626) ~[?:?]
	at javax.swing.JComponent.processMouseEvent(JComponent.java:3389) ~[?:?]
	at java.awt.Component.processEvent(Component.java:6391) ~[?:?]
	at java.awt.Container.processEvent(Container.java:2266) ~[?:?]
	at java.awt.Component.dispatchEventImpl(Component.java:5001) ~[?:?]
	at java.awt.Container.dispatchEventImpl(Container.java:2324) ~[?:?]
	at java.awt.Component.dispatchEvent(Component.java:4833) ~[?:?]
	at java.awt.LightweightDispatcher.retargetMouseEvent(Container.java:4948) ~[?:?]
	at java.awt.LightweightDispatcher.processMouseEvent(Container.java:4575) ~[?:?]
	at java.awt.LightweightDispatcher.dispatchEvent(Container.java:4516) ~[?:?]
	at java.awt.Container.dispatchEventImpl(Container.java:2310) ~[?:?]
	at java.awt.Window.dispatchEventImpl(Window.java:2780) ~[?:?]
	at java.awt.Component.dispatchEvent(Component.java:4833) ~[?:?]
	at java.awt.EventQueue.dispatchEventImpl(EventQueue.java:775) ~[?:?]
	at java.awt.EventQueue$4.run(EventQueue.java:720) ~[?:?]
	at java.awt.EventQueue$4.run(EventQueue.java:714) ~[?:?]
	at java.security.AccessController.doPrivileged(AccessController.java:399) ~[?:?]
	at java.security.ProtectionDomain$JavaSecurityAccessImpl.doIntersectionPrivilege(ProtectionDomain.java:86) ~[?:?]
	at java.security.ProtectionDomain$JavaSecurityAccessImpl.doIntersectionPrivilege(ProtectionDomain.java:97) ~[?:?]
	at java.awt.EventQueue$5.run(EventQueue.java:747) ~[?:?]
	at java.awt.EventQueue$5.run(EventQueue.java:745) ~[?:?]
	at java.security.AccessController.doPrivileged(AccessController.java:399) ~[?:?]
	at java.security.ProtectionDomain$JavaSecurityAccessImpl.doIntersectionPrivilege(ProtectionDomain.java:86) ~[?:?]
	at java.awt.EventQueue.dispatchEvent(EventQueue.java:744) ~[?:?]
	at java.awt.EventDispatchThread.pumpOneEventForFilters(EventDispatchThread.java:203) ~[?:?]
	at java.awt.EventDispatchThread.pumpEventsForFilter(EventDispatchThread.java:124) ~[?:?]
	at java.awt.EventDispatchThread.pumpEventsForHierarchy(EventDispatchThread.java:113) ~[?:?]
	at java.awt.EventDispatchThread.pumpEvents(EventDispatchThread.java:109) ~[?:?]
	at java.awt.EventDispatchThread.pumpEvents(EventDispatchThread.java:101) ~[?:?]
	at java.awt.EventDispatchThread.run(EventDispatchThread.java:90) ~[?:?]
Caused by: java.lang.RuntimeException: Projection ' space ' not found.
	at repast.simphony.visualization.engine.AbstractCartesianDisplayCreator.createLayout(AbstractCartesianDisplayCreator.java:57) ~[?:?]
	at repast.simphony.visualization.engine.DisplayCreatorOGL2D.createDisplay(DisplayCreatorOGL2D.java:62) ~[?:?]
	... 49 more
ERROR [AWT-EventQueue-0] 2024-08-14T18:31:25,169 DisplayComponentControllerAction - Error while creating displays
repast.simphony.visualization.engine.DisplayCreationException: Error while creating display.
	at repast.simphony.visualization.engine.DisplayCreatorOGL2D.createDisplay(DisplayCreatorOGL2D.java:102) ~[?:?]
	at repast.simphony.visualization.engine.DisplayProducer.createDisplay(DisplayProducer.java:48) ~[?:?]
	at repast.simphony.visualization.engine.DisplayComponentControllerAction.runInitialize(DisplayComponentControllerAction.java:116) ~[?:?]
	at repast.simphony.engine.controller.DefaultController$2.visit(DefaultController.java:214) ~[?:?]
	at repast.simphony.engine.controller.DefaultController$2.visit(DefaultController.java:1) ~[?:?]
	at repast.simphony.util.collections.NaryTree.preOrderTraverals(NaryTree.java:292) ~[?:?]
	at repast.simphony.util.collections.NaryTree.preOrderTraverals(NaryTree.java:295) ~[?:?]
	at repast.simphony.util.collections.NaryTree.preOrderTraverals(NaryTree.java:295) ~[?:?]
	at repast.simphony.util.collections.NaryTree.preOrderTraversal(NaryTree.java:288) ~[?:?]
	at repast.simphony.engine.controller.DefaultController.runInitialize(DefaultController.java:212) ~[?:?]
	at repast.simphony.engine.controller.DefaultController.runInitialize(DefaultController.java:383) ~[?:?]
	at repast.simphony.ui.RSApplication.initSim(RSApplication.java:171) ~[?:?]
	at repast.simphony.ui.action.InitRun.actionPerformed(InitRun.java:17) ~[?:?]
	at javax.swing.AbstractButton.fireActionPerformed(AbstractButton.java:1972) ~[?:?]
	at javax.swing.AbstractButton$Handler.actionPerformed(AbstractButton.java:2313) ~[?:?]
	at javax.swing.DefaultButtonModel.fireActionPerformed(DefaultButtonModel.java:405) ~[?:?]
	at javax.swing.DefaultButtonModel.setPressed(DefaultButtonModel.java:262) ~[?:?]
	at javax.swing.plaf.basic.BasicButtonListener.mouseReleased(BasicButtonListener.java:279) ~[?:?]
	at java.awt.AWTEventMulticaster.mouseReleased(AWTEventMulticaster.java:297) ~[?:?]
	at java.awt.Component.processMouseEvent(Component.java:6626) ~[?:?]
	at javax.swing.JComponent.processMouseEvent(JComponent.java:3389) ~[?:?]
	at java.awt.Component.processEvent(Component.java:6391) ~[?:?]
	at java.awt.Container.processEvent(Container.java:2266) ~[?:?]
	at java.awt.Component.dispatchEventImpl(Component.java:5001) ~[?:?]
	at java.awt.Container.dispatchEventImpl(Container.java:2324) ~[?:?]
	at java.awt.Component.dispatchEvent(Component.java:4833) ~[?:?]
	at java.awt.LightweightDispatcher.retargetMouseEvent(Container.java:4948) ~[?:?]
	at java.awt.LightweightDispatcher.processMouseEvent(Container.java:4575) ~[?:?]
	at java.awt.LightweightDispatcher.dispatchEvent(Container.java:4516) ~[?:?]
	at java.awt.Container.dispatchEventImpl(Container.java:2310) ~[?:?]
	at java.awt.Window.dispatchEventImpl(Window.java:2780) ~[?:?]
	at java.awt.Component.dispatchEvent(Component.java:4833) ~[?:?]
	at java.awt.EventQueue.dispatchEventImpl(EventQueue.java:775) ~[?:?]
	at java.awt.EventQueue$4.run(EventQueue.java:720) ~[?:?]
	at java.awt.EventQueue$4.run(EventQueue.java:714) ~[?:?]
	at java.security.AccessController.doPrivileged(AccessController.java:399) ~[?:?]
	at java.security.ProtectionDomain$JavaSecurityAccessImpl.doIntersectionPrivilege(ProtectionDomain.java:86) ~[?:?]
	at java.security.ProtectionDomain$JavaSecurityAccessImpl.doIntersectionPrivilege(ProtectionDomain.java:97) ~[?:?]
	at java.awt.EventQueue$5.run(EventQueue.java:747) ~[?:?]
	at java.awt.EventQueue$5.run(EventQueue.java:745) ~[?:?]
	at java.security.AccessController.doPrivileged(AccessController.java:399) ~[?:?]
	at java.security.ProtectionDomain$JavaSecurityAccessImpl.doIntersectionPrivilege(ProtectionDomain.java:86) ~[?:?]
	at java.awt.EventQueue.dispatchEvent(EventQueue.java:744) ~[?:?]
	at java.awt.EventDispatchThread.pumpOneEventForFilters(EventDispatchThread.java:203) ~[?:?]
	at java.awt.EventDispatchThread.pumpEventsForFilter(EventDispatchThread.java:124) ~[?:?]
	at java.awt.EventDispatchThread.pumpEventsForHierarchy(EventDispatchThread.java:113) ~[?:?]
	at java.awt.EventDispatchThread.pumpEvents(EventDispatchThread.java:109) ~[?:?]
	at java.awt.EventDispatchThread.pumpEvents(EventDispatchThread.java:101) ~[?:?]
	at java.awt.EventDispatchThread.run(EventDispatchThread.java:90) ~[?:?]
Caused by: java.lang.RuntimeException: Projection ' space ' not found.
	at repast.simphony.visualization.engine.AbstractCartesianDisplayCreator.createLayout(AbstractCartesianDisplayCreator.java:57) ~[?:?]
	at repast.simphony.visualization.engine.DisplayCreatorOGL2D.createDisplay(DisplayCreatorOGL2D.java:62) ~[?:?]
	... 48 more
ERROR [AWT-EventQueue-0] 2024-08-14T18:33:37,695 DisplayComponentControllerAction - Error while creating displays
repast.simphony.visualization.engine.DisplayCreationException: Error while creating display.
	at repast.simphony.visualization.engine.DisplayCreatorOGL2D.createDisplay(DisplayCreatorOGL2D.java:102) ~[?:?]
	at repast.simphony.visualization.engine.DisplayProducer.createDisplay(DisplayProducer.java:48) ~[?:?]
	at repast.simphony.visualization.engine.DisplayComponentControllerAction.runInitialize(DisplayComponentControllerAction.java:116) ~[?:?]
	at repast.simphony.engine.controller.DefaultController$2.visit(DefaultController.java:214) ~[?:?]
	at repast.simphony.engine.controller.DefaultController$2.visit(DefaultController.java:1) ~[?:?]
	at repast.simphony.util.collections.NaryTree.preOrderTraverals(NaryTree.java:292) ~[?:?]
	at repast.simphony.util.collections.NaryTree.preOrderTraverals(NaryTree.java:295) ~[?:?]
	at repast.simphony.util.collections.NaryTree.preOrderTraverals(NaryTree.java:295) ~[?:?]
	at repast.simphony.util.collections.NaryTree.preOrderTraversal(NaryTree.java:288) ~[?:?]
	at repast.simphony.engine.controller.DefaultController.runInitialize(DefaultController.java:212) ~[?:?]
	at repast.simphony.engine.controller.DefaultController.runInitialize(DefaultController.java:383) ~[?:?]
	at repast.simphony.ui.RSApplication.initSim(RSApplication.java:171) ~[?:?]
	at repast.simphony.ui.action.InitRun.actionPerformed(InitRun.java:17) ~[?:?]
	at javax.swing.AbstractButton.fireActionPerformed(AbstractButton.java:1972) ~[?:?]
	at javax.swing.AbstractButton$Handler.actionPerformed(AbstractButton.java:2313) ~[?:?]
	at javax.swing.DefaultButtonModel.fireActionPerformed(DefaultButtonModel.java:405) ~[?:?]
	at javax.swing.DefaultButtonModel.setPressed(DefaultButtonModel.java:262) ~[?:?]
	at javax.swing.plaf.basic.BasicButtonListener.mouseReleased(BasicButtonListener.java:279) ~[?:?]
	at java.awt.AWTEventMulticaster.mouseReleased(AWTEventMulticaster.java:297) ~[?:?]
	at java.awt.Component.processMouseEvent(Component.java:6626) ~[?:?]
	at javax.swing.JComponent.processMouseEvent(JComponent.java:3389) ~[?:?]
	at java.awt.Component.processEvent(Component.java:6391) ~[?:?]
	at java.awt.Container.processEvent(Container.java:2266) ~[?:?]
	at java.awt.Component.dispatchEventImpl(Component.java:5001) ~[?:?]
	at java.awt.Container.dispatchEventImpl(Container.java:2324) ~[?:?]
	at java.awt.Component.dispatchEvent(Component.java:4833) ~[?:?]
	at java.awt.LightweightDispatcher.retargetMouseEvent(Container.java:4948) ~[?:?]
	at java.awt.LightweightDispatcher.processMouseEvent(Container.java:4575) ~[?:?]
	at java.awt.LightweightDispatcher.dispatchEvent(Container.java:4516) ~[?:?]
	at java.awt.Container.dispatchEventImpl(Container.java:2310) ~[?:?]
	at java.awt.Window.dispatchEventImpl(Window.java:2780) ~[?:?]
	at java.awt.Component.dispatchEvent(Component.java:4833) ~[?:?]
	at java.awt.EventQueue.dispatchEventImpl(EventQueue.java:775) ~[?:?]
	at java.awt.EventQueue$4.run(EventQueue.java:720) ~[?:?]
	at java.awt.EventQueue$4.run(EventQueue.java:714) ~[?:?]
	at java.security.AccessController.doPrivileged(AccessController.java:399) ~[?:?]
	at java.security.ProtectionDomain$JavaSecurityAccessImpl.doIntersectionPrivilege(ProtectionDomain.java:86) ~[?:?]
	at java.security.ProtectionDomain$JavaSecurityAccessImpl.doIntersectionPrivilege(ProtectionDomain.java:97) ~[?:?]
	at java.awt.EventQueue$5.run(EventQueue.java:747) ~[?:?]
	at java.awt.EventQueue$5.run(EventQueue.java:745) ~[?:?]
	at java.security.AccessController.doPrivileged(AccessController.java:399) ~[?:?]
	at java.security.ProtectionDomain$JavaSecurityAccessImpl.doIntersectionPrivilege(ProtectionDomain.java:86) ~[?:?]
	at java.awt.EventQueue.dispatchEvent(EventQueue.java:744) ~[?:?]
	at java.awt.EventDispatchThread.pumpOneEventForFilters(EventDispatchThread.java:203) ~[?:?]
	at java.awt.EventDispatchThread.pumpEventsForFilter(EventDispatchThread.java:124) ~[?:?]
	at java.awt.EventDispatchThread.pumpEventsForHierarchy(EventDispatchThread.java:113) ~[?:?]
	at java.awt.EventDispatchThread.pumpEvents(EventDispatchThread.java:109) ~[?:?]
	at java.awt.EventDispatchThread.pumpEvents(EventDispatchThread.java:101) ~[?:?]
	at java.awt.EventDispatchThread.run(EventDispatchThread.java:90) ~[?:?]
Caused by: java.lang.RuntimeException: Projection ' space ' not found.
	at repast.simphony.visualization.engine.AbstractCartesianDisplayCreator.createLayout(AbstractCartesianDisplayCreator.java:57) ~[?:?]
	at repast.simphony.visualization.engine.DisplayCreatorOGL2D.createDisplay(DisplayCreatorOGL2D.java:62) ~[?:?]
	... 48 more
ERROR [AWT-EventQueue-0] 2024-08-14T18:35:40,914 DisplayComponentControllerAction - Error while creating displays
repast.simphony.visualization.engine.DisplayCreationException: Error while creating display.
	at repast.simphony.visualization.engine.DisplayCreatorOGL2D.createDisplay(DisplayCreatorOGL2D.java:102) ~[?:?]
	at repast.simphony.visualization.engine.DisplayProducer.createDisplay(DisplayProducer.java:48) ~[?:?]
	at repast.simphony.visualization.engine.DisplayComponentControllerAction.runInitialize(DisplayComponentControllerAction.java:116) ~[?:?]
	at repast.simphony.engine.controller.DefaultController$2.visit(DefaultController.java:214) ~[?:?]
	at repast.simphony.engine.controller.DefaultController$2.visit(DefaultController.java:1) ~[?:?]
	at repast.simphony.util.collections.NaryTree.preOrderTraverals(NaryTree.java:292) ~[?:?]
	at repast.simphony.util.collections.NaryTree.preOrderTraverals(NaryTree.java:295) ~[?:?]
	at repast.simphony.util.collections.NaryTree.preOrderTraverals(NaryTree.java:295) ~[?:?]
	at repast.simphony.util.collections.NaryTree.preOrderTraversal(NaryTree.java:288) ~[?:?]
	at repast.simphony.engine.controller.DefaultController.runInitialize(DefaultController.java:212) ~[?:?]
	at repast.simphony.engine.controller.DefaultController.runInitialize(DefaultController.java:383) ~[?:?]
	at repast.simphony.ui.RSApplication.initSim(RSApplication.java:171) ~[?:?]
	at repast.simphony.ui.action.InitRun.actionPerformed(InitRun.java:17) ~[?:?]
	at javax.swing.AbstractButton.fireActionPerformed(AbstractButton.java:1972) ~[?:?]
	at javax.swing.AbstractButton$Handler.actionPerformed(AbstractButton.java:2313) ~[?:?]
	at javax.swing.DefaultButtonModel.fireActionPerformed(DefaultButtonModel.java:405) ~[?:?]
	at javax.swing.DefaultButtonModel.setPressed(DefaultButtonModel.java:262) ~[?:?]
	at javax.swing.plaf.basic.BasicButtonListener.mouseReleased(BasicButtonListener.java:279) ~[?:?]
	at java.awt.AWTEventMulticaster.mouseReleased(AWTEventMulticaster.java:297) ~[?:?]
	at java.awt.Component.processMouseEvent(Component.java:6626) ~[?:?]
	at javax.swing.JComponent.processMouseEvent(JComponent.java:3389) ~[?:?]
	at java.awt.Component.processEvent(Component.java:6391) ~[?:?]
	at java.awt.Container.processEvent(Container.java:2266) ~[?:?]
	at java.awt.Component.dispatchEventImpl(Component.java:5001) ~[?:?]
	at java.awt.Container.dispatchEventImpl(Container.java:2324) ~[?:?]
	at java.awt.Component.dispatchEvent(Component.java:4833) ~[?:?]
	at java.awt.LightweightDispatcher.retargetMouseEvent(Container.java:4948) ~[?:?]
	at java.awt.LightweightDispatcher.processMouseEvent(Container.java:4575) ~[?:?]
	at java.awt.LightweightDispatcher.dispatchEvent(Container.java:4516) ~[?:?]
	at java.awt.Container.dispatchEventImpl(Container.java:2310) ~[?:?]
	at java.awt.Window.dispatchEventImpl(Window.java:2780) ~[?:?]
	at java.awt.Component.dispatchEvent(Component.java:4833) ~[?:?]
	at java.awt.EventQueue.dispatchEventImpl(EventQueue.java:775) ~[?:?]
	at java.awt.EventQueue$4.run(EventQueue.java:720) ~[?:?]
	at java.awt.EventQueue$4.run(EventQueue.java:714) ~[?:?]
	at java.security.AccessController.doPrivileged(AccessController.java:399) ~[?:?]
	at java.security.ProtectionDomain$JavaSecurityAccessImpl.doIntersectionPrivilege(ProtectionDomain.java:86) ~[?:?]
	at java.security.ProtectionDomain$JavaSecurityAccessImpl.doIntersectionPrivilege(ProtectionDomain.java:97) ~[?:?]
	at java.awt.EventQueue$5.run(EventQueue.java:747) ~[?:?]
	at java.awt.EventQueue$5.run(EventQueue.java:745) ~[?:?]
	at java.security.AccessController.doPrivileged(AccessController.java:399) ~[?:?]
	at java.security.ProtectionDomain$JavaSecurityAccessImpl.doIntersectionPrivilege(ProtectionDomain.java:86) ~[?:?]
	at java.awt.EventQueue.dispatchEvent(EventQueue.java:744) ~[?:?]
	at java.awt.EventDispatchThread.pumpOneEventForFilters(EventDispatchThread.java:203) ~[?:?]
	at java.awt.EventDispatchThread.pumpEventsForFilter(EventDispatchThread.java:124) ~[?:?]
	at java.awt.EventDispatchThread.pumpEventsForHierarchy(EventDispatchThread.java:113) ~[?:?]
	at java.awt.EventDispatchThread.pumpEvents(EventDispatchThread.java:109) ~[?:?]
	at java.awt.EventDispatchThread.pumpEvents(EventDispatchThread.java:101) ~[?:?]
	at java.awt.EventDispatchThread.run(EventDispatchThread.java:90) ~[?:?]
Caused by: java.lang.RuntimeException: Projection ' space ' not found.
	at repast.simphony.visualization.engine.AbstractCartesianDisplayCreator.createLayout(AbstractCartesianDisplayCreator.java:57) ~[?:?]
	at repast.simphony.visualization.engine.DisplayCreatorOGL2D.createDisplay(DisplayCreatorOGL2D.java:62) ~[?:?]
	... 48 more
ERROR [AWT-EventQueue-0] 2024-08-14T18:37:41,254 DisplayComponentControllerAction - Error while creating displays
repast.simphony.visualization.engine.DisplayCreationException: Error while creating display.
	at repast.simphony.visualization.engine.DisplayCreatorOGL2D.createDisplay(DisplayCreatorOGL2D.java:102) ~[?:?]
	at repast.simphony.visualization.engine.DisplayProducer.createDisplay(DisplayProducer.java:48) ~[?:?]
	at repast.simphony.visualization.engine.DisplayComponentControllerAction.runInitialize(DisplayComponentControllerAction.java:116) ~[?:?]
	at repast.simphony.engine.controller.DefaultController$2.visit(DefaultController.java:214) ~[?:?]
	at repast.simphony.engine.controller.DefaultController$2.visit(DefaultController.java:1) ~[?:?]
	at repast.simphony.util.collections.NaryTree.preOrderTraverals(NaryTree.java:292) ~[?:?]
	at repast.simphony.util.collections.NaryTree.preOrderTraverals(NaryTree.java:295) ~[?:?]
	at repast.simphony.util.collections.NaryTree.preOrderTraverals(NaryTree.java:295) ~[?:?]
	at repast.simphony.util.collections.NaryTree.preOrderTraversal(NaryTree.java:288) ~[?:?]
	at repast.simphony.engine.controller.DefaultController.runInitialize(DefaultController.java:212) ~[?:?]
	at repast.simphony.engine.controller.DefaultController.runInitialize(DefaultController.java:383) ~[?:?]
	at repast.simphony.ui.RSApplication.initSim(RSApplication.java:171) ~[?:?]
	at repast.simphony.ui.action.InitRun.actionPerformed(InitRun.java:17) ~[?:?]
	at javax.swing.AbstractButton.fireActionPerformed(AbstractButton.java:1972) ~[?:?]
	at javax.swing.AbstractButton$Handler.actionPerformed(AbstractButton.java:2313) ~[?:?]
	at javax.swing.DefaultButtonModel.fireActionPerformed(DefaultButtonModel.java:405) ~[?:?]
	at javax.swing.DefaultButtonModel.setPressed(DefaultButtonModel.java:262) ~[?:?]
	at javax.swing.plaf.basic.BasicButtonListener.mouseReleased(BasicButtonListener.java:279) ~[?:?]
	at java.awt.AWTEventMulticaster.mouseReleased(AWTEventMulticaster.java:297) ~[?:?]
	at java.awt.Component.processMouseEvent(Component.java:6626) ~[?:?]
	at javax.swing.JComponent.processMouseEvent(JComponent.java:3389) ~[?:?]
	at java.awt.Component.processEvent(Component.java:6391) ~[?:?]
	at java.awt.Container.processEvent(Container.java:2266) ~[?:?]
	at java.awt.Component.dispatchEventImpl(Component.java:5001) ~[?:?]
	at java.awt.Container.dispatchEventImpl(Container.java:2324) ~[?:?]
	at java.awt.Component.dispatchEvent(Component.java:4833) ~[?:?]
	at java.awt.LightweightDispatcher.retargetMouseEvent(Container.java:4948) ~[?:?]
	at java.awt.LightweightDispatcher.processMouseEvent(Container.java:4575) ~[?:?]
	at java.awt.LightweightDispatcher.dispatchEvent(Container.java:4516) ~[?:?]
	at java.awt.Container.dispatchEventImpl(Container.java:2310) ~[?:?]
	at java.awt.Window.dispatchEventImpl(Window.java:2780) ~[?:?]
	at java.awt.Component.dispatchEvent(Component.java:4833) ~[?:?]
	at java.awt.EventQueue.dispatchEventImpl(EventQueue.java:775) ~[?:?]
	at java.awt.EventQueue$4.run(EventQueue.java:720) ~[?:?]
	at java.awt.EventQueue$4.run(EventQueue.java:714) ~[?:?]
	at java.security.AccessController.doPrivileged(AccessController.java:399) ~[?:?]
	at java.security.ProtectionDomain$JavaSecurityAccessImpl.doIntersectionPrivilege(ProtectionDomain.java:86) ~[?:?]
	at java.security.ProtectionDomain$JavaSecurityAccessImpl.doIntersectionPrivilege(ProtectionDomain.java:97) ~[?:?]
	at java.awt.EventQueue$5.run(EventQueue.java:747) ~[?:?]
	at java.awt.EventQueue$5.run(EventQueue.java:745) ~[?:?]
	at java.security.AccessController.doPrivileged(AccessController.java:399) ~[?:?]
	at java.security.ProtectionDomain$JavaSecurityAccessImpl.doIntersectionPrivilege(ProtectionDomain.java:86) ~[?:?]
	at java.awt.EventQueue.dispatchEvent(EventQueue.java:744) ~[?:?]
	at java.awt.EventDispatchThread.pumpOneEventForFilters(EventDispatchThread.java:203) ~[?:?]
	at java.awt.EventDispatchThread.pumpEventsForFilter(EventDispatchThread.java:124) ~[?:?]
	at java.awt.EventDispatchThread.pumpEventsForHierarchy(EventDispatchThread.java:113) ~[?:?]
	at java.awt.EventDispatchThread.pumpEvents(EventDispatchThread.java:109) ~[?:?]
	at java.awt.EventDispatchThread.pumpEvents(EventDispatchThread.java:101) ~[?:?]
	at java.awt.EventDispatchThread.run(EventDispatchThread.java:90) ~[?:?]
Caused by: java.lang.RuntimeException: Projection ' space ' not found.
	at repast.simphony.visualization.engine.AbstractCartesianDisplayCreator.createLayout(AbstractCartesianDisplayCreator.java:57) ~[?:?]
	at repast.simphony.visualization.engine.DisplayCreatorOGL2D.createDisplay(DisplayCreatorOGL2D.java:62) ~[?:?]
	... 48 more
ERROR [AWT-EventQueue-0] 2024-08-14T18:40:02,005 DisplayComponentControllerAction - Error while creating displays
repast.simphony.visualization.engine.DisplayCreationException: Error while creating display.
	at repast.simphony.visualization.engine.DisplayCreatorOGL2D.createDisplay(DisplayCreatorOGL2D.java:102) ~[?:?]
	at repast.simphony.visualization.engine.DisplayProducer.createDisplay(DisplayProducer.java:48) ~[?:?]
	at repast.simphony.visualization.engine.DisplayComponentControllerAction.runInitialize(DisplayComponentControllerAction.java:116) ~[?:?]
	at repast.simphony.engine.controller.DefaultController$2.visit(DefaultController.java:214) ~[?:?]
	at repast.simphony.engine.controller.DefaultController$2.visit(DefaultController.java:1) ~[?:?]
	at repast.simphony.util.collections.NaryTree.preOrderTraverals(NaryTree.java:292) ~[?:?]
	at repast.simphony.util.collections.NaryTree.preOrderTraverals(NaryTree.java:295) ~[?:?]
	at repast.simphony.util.collections.NaryTree.preOrderTraverals(NaryTree.java:295) ~[?:?]
	at repast.simphony.util.collections.NaryTree.preOrderTraversal(NaryTree.java:288) ~[?:?]
	at repast.simphony.engine.controller.DefaultController.runInitialize(DefaultController.java:212) ~[?:?]
	at repast.simphony.engine.controller.DefaultController.runInitialize(DefaultController.java:383) ~[?:?]
	at repast.simphony.ui.RSApplication.initSim(RSApplication.java:171) ~[?:?]
	at repast.simphony.ui.action.InitRun.actionPerformed(InitRun.java:17) ~[?:?]
	at javax.swing.AbstractButton.fireActionPerformed(AbstractButton.java:1972) ~[?:?]
	at javax.swing.AbstractButton$Handler.actionPerformed(AbstractButton.java:2313) ~[?:?]
	at javax.swing.DefaultButtonModel.fireActionPerformed(DefaultButtonModel.java:405) ~[?:?]
	at javax.swing.DefaultButtonModel.setPressed(DefaultButtonModel.java:262) ~[?:?]
	at javax.swing.plaf.basic.BasicButtonListener.mouseReleased(BasicButtonListener.java:279) ~[?:?]
	at java.awt.AWTEventMulticaster.mouseReleased(AWTEventMulticaster.java:297) ~[?:?]
	at java.awt.Component.processMouseEvent(Component.java:6626) ~[?:?]
	at javax.swing.JComponent.processMouseEvent(JComponent.java:3389) ~[?:?]
	at java.awt.Component.processEvent(Component.java:6391) ~[?:?]
	at java.awt.Container.processEvent(Container.java:2266) ~[?:?]
	at java.awt.Component.dispatchEventImpl(Component.java:5001) ~[?:?]
	at java.awt.Container.dispatchEventImpl(Container.java:2324) ~[?:?]
	at java.awt.Component.dispatchEvent(Component.java:4833) ~[?:?]
	at java.awt.LightweightDispatcher.retargetMouseEvent(Container.java:4948) ~[?:?]
	at java.awt.LightweightDispatcher.processMouseEvent(Container.java:4575) ~[?:?]
	at java.awt.LightweightDispatcher.dispatchEvent(Container.java:4516) ~[?:?]
	at java.awt.Container.dispatchEventImpl(Container.java:2310) ~[?:?]
	at java.awt.Window.dispatchEventImpl(Window.java:2780) ~[?:?]
	at java.awt.Component.dispatchEvent(Component.java:4833) ~[?:?]
	at java.awt.EventQueue.dispatchEventImpl(EventQueue.java:775) ~[?:?]
	at java.awt.EventQueue$4.run(EventQueue.java:720) ~[?:?]
	at java.awt.EventQueue$4.run(EventQueue.java:714) ~[?:?]
	at java.security.AccessController.doPrivileged(AccessController.java:399) ~[?:?]
	at java.security.ProtectionDomain$JavaSecurityAccessImpl.doIntersectionPrivilege(ProtectionDomain.java:86) ~[?:?]
	at java.security.ProtectionDomain$JavaSecurityAccessImpl.doIntersectionPrivilege(ProtectionDomain.java:97) ~[?:?]
	at java.awt.EventQueue$5.run(EventQueue.java:747) ~[?:?]
	at java.awt.EventQueue$5.run(EventQueue.java:745) ~[?:?]
	at java.security.AccessController.doPrivileged(AccessController.java:399) ~[?:?]
	at java.security.ProtectionDomain$JavaSecurityAccessImpl.doIntersectionPrivilege(ProtectionDomain.java:86) ~[?:?]
	at java.awt.EventQueue.dispatchEvent(EventQueue.java:744) ~[?:?]
	at java.awt.EventDispatchThread.pumpOneEventForFilters(EventDispatchThread.java:203) ~[?:?]
	at java.awt.EventDispatchThread.pumpEventsForFilter(EventDispatchThread.java:124) ~[?:?]
	at java.awt.EventDispatchThread.pumpEventsForHierarchy(EventDispatchThread.java:113) ~[?:?]
	at java.awt.EventDispatchThread.pumpEvents(EventDispatchThread.java:109) ~[?:?]
	at java.awt.EventDispatchThread.pumpEvents(EventDispatchThread.java:101) ~[?:?]
	at java.awt.EventDispatchThread.run(EventDispatchThread.java:90) ~[?:?]
Caused by: java.lang.RuntimeException: Projection ' space ' not found.
	at repast.simphony.visualization.engine.AbstractCartesianDisplayCreator.createLayout(AbstractCartesianDisplayCreator.java:57) ~[?:?]
	at repast.simphony.visualization.engine.DisplayCreatorOGL2D.createDisplay(DisplayCreatorOGL2D.java:62) ~[?:?]
	... 48 more
ERROR [AWT-EventQueue-0] 2024-08-14T18:43:42,773 DisplayComponentControllerAction - Error while creating displays
repast.simphony.visualization.engine.DisplayCreationException: Error while creating display.
	at repast.simphony.visualization.engine.DisplayCreatorOGL2D.createDisplay(DisplayCreatorOGL2D.java:102) ~[?:?]
	at repast.simphony.visualization.engine.DisplayProducer.createDisplay(DisplayProducer.java:48) ~[?:?]
	at repast.simphony.visualization.engine.DisplayComponentControllerAction.runInitialize(DisplayComponentControllerAction.java:116) ~[?:?]
	at repast.simphony.engine.controller.DefaultController$2.visit(DefaultController.java:214) ~[?:?]
	at repast.simphony.engine.controller.DefaultController$2.visit(DefaultController.java:1) ~[?:?]
	at repast.simphony.util.collections.NaryTree.preOrderTraverals(NaryTree.java:292) ~[?:?]
	at repast.simphony.util.collections.NaryTree.preOrderTraverals(NaryTree.java:295) ~[?:?]
	at repast.simphony.util.collections.NaryTree.preOrderTraverals(NaryTree.java:295) ~[?:?]
	at repast.simphony.util.collections.NaryTree.preOrderTraversal(NaryTree.java:288) ~[?:?]
	at repast.simphony.engine.controller.DefaultController.runInitialize(DefaultController.java:212) ~[?:?]
	at repast.simphony.engine.controller.DefaultController.runInitialize(DefaultController.java:383) ~[?:?]
	at repast.simphony.ui.RSApplication.initSim(RSApplication.java:171) ~[?:?]
	at repast.simphony.ui.action.InitRun.actionPerformed(InitRun.java:17) ~[?:?]
	at javax.swing.AbstractButton.fireActionPerformed(AbstractButton.java:1972) ~[?:?]
	at javax.swing.AbstractButton$Handler.actionPerformed(AbstractButton.java:2313) ~[?:?]
	at javax.swing.DefaultButtonModel.fireActionPerformed(DefaultButtonModel.java:405) ~[?:?]
	at javax.swing.DefaultButtonModel.setPressed(DefaultButtonModel.java:262) ~[?:?]
	at javax.swing.plaf.basic.BasicButtonListener.mouseReleased(BasicButtonListener.java:279) ~[?:?]
	at java.awt.AWTEventMulticaster.mouseReleased(AWTEventMulticaster.java:297) ~[?:?]
	at java.awt.Component.processMouseEvent(Component.java:6626) ~[?:?]
	at javax.swing.JComponent.processMouseEvent(JComponent.java:3389) ~[?:?]
	at java.awt.Component.processEvent(Component.java:6391) ~[?:?]
	at java.awt.Container.processEvent(Container.java:2266) ~[?:?]
	at java.awt.Component.dispatchEventImpl(Component.java:5001) ~[?:?]
	at java.awt.Container.dispatchEventImpl(Container.java:2324) ~[?:?]
	at java.awt.Component.dispatchEvent(Component.java:4833) ~[?:?]
	at java.awt.LightweightDispatcher.retargetMouseEvent(Container.java:4948) ~[?:?]
	at java.awt.LightweightDispatcher.processMouseEvent(Container.java:4575) ~[?:?]
	at java.awt.LightweightDispatcher.dispatchEvent(Container.java:4516) ~[?:?]
	at java.awt.Container.dispatchEventImpl(Container.java:2310) ~[?:?]
	at java.awt.Window.dispatchEventImpl(Window.java:2780) ~[?:?]
	at java.awt.Component.dispatchEvent(Component.java:4833) ~[?:?]
	at java.awt.EventQueue.dispatchEventImpl(EventQueue.java:775) ~[?:?]
	at java.awt.EventQueue$4.run(EventQueue.java:720) ~[?:?]
	at java.awt.EventQueue$4.run(EventQueue.java:714) ~[?:?]
	at java.security.AccessController.doPrivileged(AccessController.java:399) ~[?:?]
	at java.security.ProtectionDomain$JavaSecurityAccessImpl.doIntersectionPrivilege(ProtectionDomain.java:86) ~[?:?]
	at java.security.ProtectionDomain$JavaSecurityAccessImpl.doIntersectionPrivilege(ProtectionDomain.java:97) ~[?:?]
	at java.awt.EventQueue$5.run(EventQueue.java:747) ~[?:?]
	at java.awt.EventQueue$5.run(EventQueue.java:745) ~[?:?]
	at java.security.AccessController.doPrivileged(AccessController.java:399) ~[?:?]
	at java.security.ProtectionDomain$JavaSecurityAccessImpl.doIntersectionPrivilege(ProtectionDomain.java:86) ~[?:?]
	at java.awt.EventQueue.dispatchEvent(EventQueue.java:744) ~[?:?]
	at java.awt.EventDispatchThread.pumpOneEventForFilters(EventDispatchThread.java:203) ~[?:?]
	at java.awt.EventDispatchThread.pumpEventsForFilter(EventDispatchThread.java:124) ~[?:?]
	at java.awt.EventDispatchThread.pumpEventsForHierarchy(EventDispatchThread.java:113) ~[?:?]
	at java.awt.EventDispatchThread.pumpEvents(EventDispatchThread.java:109) ~[?:?]
	at java.awt.EventDispatchThread.pumpEvents(EventDispatchThread.java:101) ~[?:?]
	at java.awt.EventDispatchThread.run(EventDispatchThread.java:90) ~[?:?]
Caused by: java.lang.RuntimeException: Projection ' space ' not found.
	at repast.simphony.visualization.engine.AbstractCartesianDisplayCreator.createLayout(AbstractCartesianDisplayCreator.java:57) ~[?:?]
	at repast.simphony.visualization.engine.DisplayCreatorOGL2D.createDisplay(DisplayCreatorOGL2D.java:62) ~[?:?]
	... 48 more
ERROR [AWT-EventQueue-0] 2024-08-17T08:22:08,675 RSApplication - Error while initializing simulation
repast.simphony.data2.DataException: Error creating MethodDataSource
	at repast.simphony.data2.MethodDataSource.<init>(MethodDataSource.java:60) ~[?:?]
	at repast.simphony.data2.builder.AggregateDataSetBuilder.defineMethodDataSource(AggregateDataSetBuilder.java:84) ~[?:?]
	at repast.simphony.data2.engine.DataSetComponentControllerAction.createAggregateBuilder(DataSetComponentControllerAction.java:96) ~[?:?]
	at repast.simphony.data2.engine.DataSetComponentControllerAction.batchInitialize(DataSetComponentControllerAction.java:75) ~[?:?]
	at repast.simphony.engine.controller.DefaultController$1.visit(DefaultController.java:192) ~[?:?]
	at repast.simphony.engine.controller.DefaultController$1.visit(DefaultController.java:1) ~[?:?]
	at repast.simphony.util.collections.NaryTree.preOrderTraverals(NaryTree.java:292) ~[?:?]
	at repast.simphony.util.collections.NaryTree.preOrderTraverals(NaryTree.java:295) ~[?:?]
	at repast.simphony.util.collections.NaryTree.preOrderTraverals(NaryTree.java:295) ~[?:?]
	at repast.simphony.util.collections.NaryTree.preOrderTraversal(NaryTree.java:288) ~[?:?]
	at repast.simphony.engine.controller.DefaultController.batchInitialize(DefaultController.java:190) ~[?:?]
	at repast.simphony.engine.controller.DefaultController.batchInitialize(DefaultController.java:349) ~[?:?]
	at repast.simphony.ui.RSApplication.initSim(RSApplication.java:169) ~[?:?]
	at repast.simphony.ui.RSApplication.start(RSApplication.java:203) ~[?:?]
	at repast.simphony.ui.action.StartRun.actionPerformed(StartRun.java:17) ~[?:?]
	at javax.swing.AbstractButton.fireActionPerformed(AbstractButton.java:1972) ~[?:?]
	at javax.swing.AbstractButton$Handler.actionPerformed(AbstractButton.java:2313) ~[?:?]
	at javax.swing.DefaultButtonModel.fireActionPerformed(DefaultButtonModel.java:405) ~[?:?]
	at javax.swing.DefaultButtonModel.setPressed(DefaultButtonModel.java:262) ~[?:?]
	at javax.swing.plaf.basic.BasicButtonListener.mouseReleased(BasicButtonListener.java:279) ~[?:?]
	at java.awt.AWTEventMulticaster.mouseReleased(AWTEventMulticaster.java:297) ~[?:?]
	at java.awt.Component.processMouseEvent(Component.java:6626) ~[?:?]
	at javax.swing.JComponent.processMouseEvent(JComponent.java:3389) ~[?:?]
	at java.awt.Component.processEvent(Component.java:6391) ~[?:?]
	at java.awt.Container.processEvent(Container.java:2266) ~[?:?]
	at java.awt.Component.dispatchEventImpl(Component.java:5001) ~[?:?]
	at java.awt.Container.dispatchEventImpl(Container.java:2324) ~[?:?]
	at java.awt.Component.dispatchEvent(Component.java:4833) ~[?:?]
	at java.awt.LightweightDispatcher.retargetMouseEvent(Container.java:4948) ~[?:?]
	at java.awt.LightweightDispatcher.processMouseEvent(Container.java:4575) ~[?:?]
	at java.awt.LightweightDispatcher.dispatchEvent(Container.java:4516) ~[?:?]
	at java.awt.Container.dispatchEventImpl(Container.java:2310) ~[?:?]
	at java.awt.Window.dispatchEventImpl(Window.java:2780) ~[?:?]
	at java.awt.Component.dispatchEvent(Component.java:4833) ~[?:?]
	at java.awt.EventQueue.dispatchEventImpl(EventQueue.java:775) ~[?:?]
	at java.awt.EventQueue$4.run(EventQueue.java:720) ~[?:?]
	at java.awt.EventQueue$4.run(EventQueue.java:714) ~[?:?]
	at java.security.AccessController.doPrivileged(AccessController.java:399) ~[?:?]
	at java.security.ProtectionDomain$JavaSecurityAccessImpl.doIntersectionPrivilege(ProtectionDomain.java:86) ~[?:?]
	at java.security.ProtectionDomain$JavaSecurityAccessImpl.doIntersectionPrivilege(ProtectionDomain.java:97) ~[?:?]
	at java.awt.EventQueue$5.run(EventQueue.java:747) ~[?:?]
	at java.awt.EventQueue$5.run(EventQueue.java:745) ~[?:?]
	at java.security.AccessController.doPrivileged(AccessController.java:399) ~[?:?]
	at java.security.ProtectionDomain$JavaSecurityAccessImpl.doIntersectionPrivilege(ProtectionDomain.java:86) ~[?:?]
	at java.awt.EventQueue.dispatchEvent(EventQueue.java:744) ~[?:?]
	at java.awt.EventDispatchThread.pumpOneEventForFilters(EventDispatchThread.java:203) ~[?:?]
	at java.awt.EventDispatchThread.pumpEventsForFilter(EventDispatchThread.java:124) ~[?:?]
	at java.awt.EventDispatchThread.pumpEventsForHierarchy(EventDispatchThread.java:113) ~[?:?]
	at java.awt.EventDispatchThread.pumpEvents(EventDispatchThread.java:109) ~[?:?]
	at java.awt.EventDispatchThread.pumpEvents(EventDispatchThread.java:101) ~[?:?]
	at java.awt.EventDispatchThread.run(EventDispatchThread.java:90) ~[?:?]
Caused by: java.lang.NoSuchMethodException: jzombies.ZombieKiller. N/A ()
	at java.lang.Class.getMethod(Class.java:2227) ~[?:?]
	at repast.simphony.data2.MethodDataSource.<init>(MethodDataSource.java:43) ~[?:?]
	... 50 more
ERROR [AWT-EventQueue-0] 2024-08-17T08:31:30,262 RSApplication - Error while initializing simulation
repast.simphony.data2.DataException: Error creating MethodDataSource
	at repast.simphony.data2.MethodDataSource.<init>(MethodDataSource.java:60) ~[?:?]
	at repast.simphony.data2.builder.AggregateDataSetBuilder.defineMethodDataSource(AggregateDataSetBuilder.java:84) ~[?:?]
	at repast.simphony.data2.engine.DataSetComponentControllerAction.createAggregateBuilder(DataSetComponentControllerAction.java:96) ~[?:?]
	at repast.simphony.data2.engine.DataSetComponentControllerAction.batchInitialize(DataSetComponentControllerAction.java:75) ~[?:?]
	at repast.simphony.engine.controller.DefaultController$1.visit(DefaultController.java:192) ~[?:?]
	at repast.simphony.engine.controller.DefaultController$1.visit(DefaultController.java:1) ~[?:?]
	at repast.simphony.util.collections.NaryTree.preOrderTraverals(NaryTree.java:292) ~[?:?]
	at repast.simphony.util.collections.NaryTree.preOrderTraverals(NaryTree.java:295) ~[?:?]
	at repast.simphony.util.collections.NaryTree.preOrderTraverals(NaryTree.java:295) ~[?:?]
	at repast.simphony.util.collections.NaryTree.preOrderTraversal(NaryTree.java:288) ~[?:?]
	at repast.simphony.engine.controller.DefaultController.batchInitialize(DefaultController.java:190) ~[?:?]
	at repast.simphony.engine.controller.DefaultController.batchInitialize(DefaultController.java:349) ~[?:?]
	at repast.simphony.ui.RSApplication.initSim(RSApplication.java:169) ~[?:?]
	at repast.simphony.ui.RSApplication.start(RSApplication.java:203) ~[?:?]
	at repast.simphony.ui.action.StartRun.actionPerformed(StartRun.java:17) ~[?:?]
	at javax.swing.AbstractButton.fireActionPerformed(AbstractButton.java:1972) ~[?:?]
	at javax.swing.AbstractButton$Handler.actionPerformed(AbstractButton.java:2313) ~[?:?]
	at javax.swing.DefaultButtonModel.fireActionPerformed(DefaultButtonModel.java:405) ~[?:?]
	at javax.swing.DefaultButtonModel.setPressed(DefaultButtonModel.java:262) ~[?:?]
	at javax.swing.plaf.basic.BasicButtonListener.mouseReleased(BasicButtonListener.java:279) ~[?:?]
	at java.awt.AWTEventMulticaster.mouseReleased(AWTEventMulticaster.java:297) ~[?:?]
	at java.awt.Component.processMouseEvent(Component.java:6626) ~[?:?]
	at javax.swing.JComponent.processMouseEvent(JComponent.java:3389) ~[?:?]
	at java.awt.Component.processEvent(Component.java:6391) ~[?:?]
	at java.awt.Container.processEvent(Container.java:2266) ~[?:?]
	at java.awt.Component.dispatchEventImpl(Component.java:5001) ~[?:?]
	at java.awt.Container.dispatchEventImpl(Container.java:2324) ~[?:?]
	at java.awt.Component.dispatchEvent(Component.java:4833) ~[?:?]
	at java.awt.LightweightDispatcher.retargetMouseEvent(Container.java:4948) ~[?:?]
	at java.awt.LightweightDispatcher.processMouseEvent(Container.java:4575) ~[?:?]
	at java.awt.LightweightDispatcher.dispatchEvent(Container.java:4516) ~[?:?]
	at java.awt.Container.dispatchEventImpl(Container.java:2310) ~[?:?]
	at java.awt.Window.dispatchEventImpl(Window.java:2780) ~[?:?]
	at java.awt.Component.dispatchEvent(Component.java:4833) ~[?:?]
	at java.awt.EventQueue.dispatchEventImpl(EventQueue.java:775) ~[?:?]
	at java.awt.EventQueue$4.run(EventQueue.java:720) ~[?:?]
	at java.awt.EventQueue$4.run(EventQueue.java:714) ~[?:?]
	at java.security.AccessController.doPrivileged(AccessController.java:399) ~[?:?]
	at java.security.ProtectionDomain$JavaSecurityAccessImpl.doIntersectionPrivilege(ProtectionDomain.java:86) ~[?:?]
	at java.security.ProtectionDomain$JavaSecurityAccessImpl.doIntersectionPrivilege(ProtectionDomain.java:97) ~[?:?]
	at java.awt.EventQueue$5.run(EventQueue.java:747) ~[?:?]
	at java.awt.EventQueue$5.run(EventQueue.java:745) ~[?:?]
	at java.security.AccessController.doPrivileged(AccessController.java:399) ~[?:?]
	at java.security.ProtectionDomain$JavaSecurityAccessImpl.doIntersectionPrivilege(ProtectionDomain.java:86) ~[?:?]
	at java.awt.EventQueue.dispatchEvent(EventQueue.java:744) ~[?:?]
	at java.awt.EventDispatchThread.pumpOneEventForFilters(EventDispatchThread.java:203) ~[?:?]
	at java.awt.EventDispatchThread.pumpEventsForFilter(EventDispatchThread.java:124) ~[?:?]
	at java.awt.EventDispatchThread.pumpEventsForHierarchy(EventDispatchThread.java:113) ~[?:?]
	at java.awt.EventDispatchThread.pumpEvents(EventDispatchThread.java:109) ~[?:?]
	at java.awt.EventDispatchThread.pumpEvents(EventDispatchThread.java:101) ~[?:?]
	at java.awt.EventDispatchThread.run(EventDispatchThread.java:90) ~[?:?]
Caused by: java.lang.NoSuchMethodException: jzombies.ZombieKiller. N/A ()
	at java.lang.Class.getMethod(Class.java:2227) ~[?:?]
	at repast.simphony.data2.MethodDataSource.<init>(MethodDataSource.java:43) ~[?:?]
	... 50 more
